<?xml version="1.0" encoding="UTF-8"?>
<testsuite xmlns:xsi="http://www.w3.org/2001/XMLSchema-instance" xsi:noNamespaceSchemaLocation="https://maven.apache.org/surefire/maven-surefire-plugin/xsd/surefire-test-report-3.0.xsd" version="3.0" name="io.github.water1207.dashsdk.DaShSdkApplicationTests" time="1.382" tests="1" errors="0" skipped="0" failures="0">
  <properties>
    <property name="gopherProxySet" value="false"/>
    <property name="awt.toolkit" value="sun.lwawt.macosx.LWCToolkit"/>
    <property name="socksProxyHost" value="127.0.0.1"/>
    <property name="http.proxyHost" value="127.0.0.1"/>
    <property name="java.specification.version" value="1.8"/>
    <property name="file.encoding.pkg" value="sun.io"/>
    <property name="sun.cpu.isalist" value=""/>
    <property name="sun.jnu.encoding" value="UTF-8"/>
    <property name="java.class.path" value="/Users/lee/Code/G2GDaSh/DaSh-SDK/target/test-classes:/Users/lee/Code/G2GDaSh/DaSh-SDK/target/classes:/Users/lee/.m2/repository/org/springframework/boot/spring-boot-starter-data-jpa/2.6.13/spring-boot-starter-data-jpa-2.6.13.jar:/Users/lee/.m2/repository/org/springframework/boot/spring-boot-starter-aop/2.6.13/spring-boot-starter-aop-2.6.13.jar:/Users/lee/.m2/repository/org/springframework/spring-aop/5.3.23/spring-aop-5.3.23.jar:/Users/lee/.m2/repository/org/aspectj/aspectjweaver/1.9.7/aspectjweaver-1.9.7.jar:/Users/lee/.m2/repository/org/springframework/boot/spring-boot-starter-jdbc/2.6.13/spring-boot-starter-jdbc-2.6.13.jar:/Users/lee/.m2/repository/com/zaxxer/HikariCP/4.0.3/HikariCP-4.0.3.jar:/Users/lee/.m2/repository/org/springframework/spring-jdbc/5.3.23/spring-jdbc-5.3.23.jar:/Users/lee/.m2/repository/jakarta/transaction/jakarta.transaction-api/1.3.3/jakarta.transaction-api-1.3.3.jar:/Users/lee/.m2/repository/jakarta/persistence/jakarta.persistence-api/2.2.3/jakarta.persistence-api-2.2.3.jar:/Users/lee/.m2/repository/org/hibernate/hibernate-core/5.6.12.Final/hibernate-core-5.6.12.Final.jar:/Users/lee/.m2/repository/org/jboss/logging/jboss-logging/3.4.3.Final/jboss-logging-3.4.3.Final.jar:/Users/lee/.m2/repository/net/bytebuddy/byte-buddy/1.11.22/byte-buddy-1.11.22.jar:/Users/lee/.m2/repository/antlr/antlr/2.7.7/antlr-2.7.7.jar:/Users/lee/.m2/repository/org/jboss/jandex/2.4.2.Final/jandex-2.4.2.Final.jar:/Users/lee/.m2/repository/com/fasterxml/classmate/1.5.1/classmate-1.5.1.jar:/Users/lee/.m2/repository/org/hibernate/common/hibernate-commons-annotations/5.1.2.Final/hibernate-commons-annotations-5.1.2.Final.jar:/Users/lee/.m2/repository/org/glassfish/jaxb/jaxb-runtime/2.3.7/jaxb-runtime-2.3.7.jar:/Users/lee/.m2/repository/org/glassfish/jaxb/txw2/2.3.7/txw2-2.3.7.jar:/Users/lee/.m2/repository/com/sun/istack/istack-commons-runtime/3.0.12/istack-commons-runtime-3.0.12.jar:/Users/lee/.m2/repository/com/sun/activation/jakarta.activation/1.2.2/jakarta.activation-1.2.2.jar:/Users/lee/.m2/repository/org/springframework/data/spring-data-jpa/2.6.9/spring-data-jpa-2.6.9.jar:/Users/lee/.m2/repository/org/springframework/data/spring-data-commons/2.6.9/spring-data-commons-2.6.9.jar:/Users/lee/.m2/repository/org/springframework/spring-orm/5.3.23/spring-orm-5.3.23.jar:/Users/lee/.m2/repository/org/springframework/spring-context/5.3.23/spring-context-5.3.23.jar:/Users/lee/.m2/repository/org/springframework/spring-tx/5.3.23/spring-tx-5.3.23.jar:/Users/lee/.m2/repository/org/springframework/spring-beans/5.3.23/spring-beans-5.3.23.jar:/Users/lee/.m2/repository/org/slf4j/slf4j-api/1.7.36/slf4j-api-1.7.36.jar:/Users/lee/.m2/repository/org/springframework/spring-aspects/5.3.23/spring-aspects-5.3.23.jar:/Users/lee/.m2/repository/org/springframework/boot/spring-boot-starter-web/2.6.13/spring-boot-starter-web-2.6.13.jar:/Users/lee/.m2/repository/org/springframework/boot/spring-boot-starter/2.6.13/spring-boot-starter-2.6.13.jar:/Users/lee/.m2/repository/org/springframework/boot/spring-boot/2.6.13/spring-boot-2.6.13.jar:/Users/lee/.m2/repository/org/springframework/boot/spring-boot-autoconfigure/2.6.13/spring-boot-autoconfigure-2.6.13.jar:/Users/lee/.m2/repository/org/springframework/boot/spring-boot-starter-logging/2.6.13/spring-boot-starter-logging-2.6.13.jar:/Users/lee/.m2/repository/ch/qos/logback/logback-classic/1.2.11/logback-classic-1.2.11.jar:/Users/lee/.m2/repository/ch/qos/logback/logback-core/1.2.11/logback-core-1.2.11.jar:/Users/lee/.m2/repository/org/apache/logging/log4j/log4j-to-slf4j/2.17.2/log4j-to-slf4j-2.17.2.jar:/Users/lee/.m2/repository/org/apache/logging/log4j/log4j-api/2.17.2/log4j-api-2.17.2.jar:/Users/lee/.m2/repository/org/slf4j/jul-to-slf4j/1.7.36/jul-to-slf4j-1.7.36.jar:/Users/lee/.m2/repository/jakarta/annotation/jakarta.annotation-api/1.3.5/jakarta.annotation-api-1.3.5.jar:/Users/lee/.m2/repository/org/yaml/snakeyaml/1.29/snakeyaml-1.29.jar:/Users/lee/.m2/repository/org/springframework/boot/spring-boot-starter-json/2.6.13/spring-boot-starter-json-2.6.13.jar:/Users/lee/.m2/repository/com/fasterxml/jackson/core/jackson-databind/2.13.4.2/jackson-databind-2.13.4.2.jar:/Users/lee/.m2/repository/com/fasterxml/jackson/core/jackson-annotations/2.13.4/jackson-annotations-2.13.4.jar:/Users/lee/.m2/repository/com/fasterxml/jackson/core/jackson-core/2.13.4/jackson-core-2.13.4.jar:/Users/lee/.m2/repository/com/fasterxml/jackson/datatype/jackson-datatype-jdk8/2.13.4/jackson-datatype-jdk8-2.13.4.jar:/Users/lee/.m2/repository/com/fasterxml/jackson/datatype/jackson-datatype-jsr310/2.13.4/jackson-datatype-jsr310-2.13.4.jar:/Users/lee/.m2/repository/com/fasterxml/jackson/module/jackson-module-parameter-names/2.13.4/jackson-module-parameter-names-2.13.4.jar:/Users/lee/.m2/repository/org/springframework/boot/spring-boot-starter-tomcat/2.6.13/spring-boot-starter-tomcat-2.6.13.jar:/Users/lee/.m2/repository/org/apache/tomcat/embed/tomcat-embed-core/9.0.68/tomcat-embed-core-9.0.68.jar:/Users/lee/.m2/repository/org/apache/tomcat/embed/tomcat-embed-el/9.0.68/tomcat-embed-el-9.0.68.jar:/Users/lee/.m2/repository/org/apache/tomcat/embed/tomcat-embed-websocket/9.0.68/tomcat-embed-websocket-9.0.68.jar:/Users/lee/.m2/repository/org/springframework/spring-web/5.3.23/spring-web-5.3.23.jar:/Users/lee/.m2/repository/org/springframework/spring-webmvc/5.3.23/spring-webmvc-5.3.23.jar:/Users/lee/.m2/repository/org/springframework/spring-expression/5.3.23/spring-expression-5.3.23.jar:/Users/lee/.m2/repository/com/mysql/mysql-connector-j/8.0.31/mysql-connector-j-8.0.31.jar:/Users/lee/.m2/repository/org/springframework/boot/spring-boot-starter-test/2.6.13/spring-boot-starter-test-2.6.13.jar:/Users/lee/.m2/repository/org/springframework/boot/spring-boot-test/2.6.13/spring-boot-test-2.6.13.jar:/Users/lee/.m2/repository/org/springframework/boot/spring-boot-test-autoconfigure/2.6.13/spring-boot-test-autoconfigure-2.6.13.jar:/Users/lee/.m2/repository/com/jayway/jsonpath/json-path/2.6.0/json-path-2.6.0.jar:/Users/lee/.m2/repository/net/minidev/json-smart/2.4.8/json-smart-2.4.8.jar:/Users/lee/.m2/repository/net/minidev/accessors-smart/2.4.8/accessors-smart-2.4.8.jar:/Users/lee/.m2/repository/org/ow2/asm/asm/9.1/asm-9.1.jar:/Users/lee/.m2/repository/jakarta/xml/bind/jakarta.xml.bind-api/2.3.3/jakarta.xml.bind-api-2.3.3.jar:/Users/lee/.m2/repository/jakarta/activation/jakarta.activation-api/1.2.2/jakarta.activation-api-1.2.2.jar:/Users/lee/.m2/repository/org/assertj/assertj-core/3.21.0/assertj-core-3.21.0.jar:/Users/lee/.m2/repository/org/hamcrest/hamcrest/2.2/hamcrest-2.2.jar:/Users/lee/.m2/repository/org/junit/jupiter/junit-jupiter/5.8.2/junit-jupiter-5.8.2.jar:/Users/lee/.m2/repository/org/junit/jupiter/junit-jupiter-api/5.8.2/junit-jupiter-api-5.8.2.jar:/Users/lee/.m2/repository/org/opentest4j/opentest4j/1.2.0/opentest4j-1.2.0.jar:/Users/lee/.m2/repository/org/junit/platform/junit-platform-commons/1.8.2/junit-platform-commons-1.8.2.jar:/Users/lee/.m2/repository/org/apiguardian/apiguardian-api/1.1.2/apiguardian-api-1.1.2.jar:/Users/lee/.m2/repository/org/junit/jupiter/junit-jupiter-params/5.8.2/junit-jupiter-params-5.8.2.jar:/Users/lee/.m2/repository/org/junit/jupiter/junit-jupiter-engine/5.8.2/junit-jupiter-engine-5.8.2.jar:/Users/lee/.m2/repository/org/junit/platform/junit-platform-engine/1.8.2/junit-platform-engine-1.8.2.jar:/Users/lee/.m2/repository/org/mockito/mockito-core/4.0.0/mockito-core-4.0.0.jar:/Users/lee/.m2/repository/net/bytebuddy/byte-buddy-agent/1.11.22/byte-buddy-agent-1.11.22.jar:/Users/lee/.m2/repository/org/objenesis/objenesis/3.2/objenesis-3.2.jar:/Users/lee/.m2/repository/org/mockito/mockito-junit-jupiter/4.0.0/mockito-junit-jupiter-4.0.0.jar:/Users/lee/.m2/repository/org/skyscreamer/jsonassert/1.5.1/jsonassert-1.5.1.jar:/Users/lee/.m2/repository/com/vaadin/external/google/android-json/0.0.20131108.vaadin1/android-json-0.0.20131108.vaadin1.jar:/Users/lee/.m2/repository/org/springframework/spring-core/5.3.23/spring-core-5.3.23.jar:/Users/lee/.m2/repository/org/springframework/spring-jcl/5.3.23/spring-jcl-5.3.23.jar:/Users/lee/.m2/repository/org/springframework/spring-test/5.3.23/spring-test-5.3.23.jar:/Users/lee/.m2/repository/org/xmlunit/xmlunit-core/2.8.4/xmlunit-core-2.8.4.jar:"/>
    <property name="https.proxyPort" value="7890"/>
    <property name="java.vm.vendor" value="Azul Systems, Inc."/>
    <property name="sun.arch.data.model" value="64"/>
    <property name="java.vendor.url" value="http://www.azul.com/"/>
    <property name="user.timezone" value="Asia/Shanghai"/>
    <property name="os.name" value="Mac OS X"/>
    <property name="java.vm.specification.version" value="1.8"/>
    <property name="sun.java.launcher" value="SUN_STANDARD"/>
    <property name="user.country" value="CN"/>
    <property name="sun.boot.library.path" value="/Library/Java/JavaVirtualMachines/zulu-8.jdk/Contents/Home/jre/lib"/>
    <property name="sun.java.command" value="/Users/lee/Code/G2GDaSh/DaSh-SDK/target/surefire/surefirebooter-20231211211811195_3.jar /Users/lee/Code/G2GDaSh/DaSh-SDK/target/surefire 2023-12-11T21-18-11_126-jvmRun1 surefire-20231211211811195_1tmp surefire_0-20231211211811195_2tmp"/>
    <property name="http.nonProxyHosts" value="192.168.0.0/16|*.192.168.0.0/16|10.0.0.0/8|*.10.0.0.0/8|172.16.0.0/12|*.172.16.0.0/12|127.0.0.1|localhost|*.localhost|local|*.local|timestamp.apple.com|*.timestamp.apple.com|sequoia.apple.com|*.sequoia.apple.com|seed-sequoia.siri.apple.com|*.seed-sequoia.siri.apple.com"/>
    <property name="surefire.test.class.path" value="/Users/lee/Code/G2GDaSh/DaSh-SDK/target/test-classes:/Users/lee/Code/G2GDaSh/DaSh-SDK/target/classes:/Users/lee/.m2/repository/org/springframework/boot/spring-boot-starter-data-jpa/2.6.13/spring-boot-starter-data-jpa-2.6.13.jar:/Users/lee/.m2/repository/org/springframework/boot/spring-boot-starter-aop/2.6.13/spring-boot-starter-aop-2.6.13.jar:/Users/lee/.m2/repository/org/springframework/spring-aop/5.3.23/spring-aop-5.3.23.jar:/Users/lee/.m2/repository/org/aspectj/aspectjweaver/1.9.7/aspectjweaver-1.9.7.jar:/Users/lee/.m2/repository/org/springframework/boot/spring-boot-starter-jdbc/2.6.13/spring-boot-starter-jdbc-2.6.13.jar:/Users/lee/.m2/repository/com/zaxxer/HikariCP/4.0.3/HikariCP-4.0.3.jar:/Users/lee/.m2/repository/org/springframework/spring-jdbc/5.3.23/spring-jdbc-5.3.23.jar:/Users/lee/.m2/repository/jakarta/transaction/jakarta.transaction-api/1.3.3/jakarta.transaction-api-1.3.3.jar:/Users/lee/.m2/repository/jakarta/persistence/jakarta.persistence-api/2.2.3/jakarta.persistence-api-2.2.3.jar:/Users/lee/.m2/repository/org/hibernate/hibernate-core/5.6.12.Final/hibernate-core-5.6.12.Final.jar:/Users/lee/.m2/repository/org/jboss/logging/jboss-logging/3.4.3.Final/jboss-logging-3.4.3.Final.jar:/Users/lee/.m2/repository/net/bytebuddy/byte-buddy/1.11.22/byte-buddy-1.11.22.jar:/Users/lee/.m2/repository/antlr/antlr/2.7.7/antlr-2.7.7.jar:/Users/lee/.m2/repository/org/jboss/jandex/2.4.2.Final/jandex-2.4.2.Final.jar:/Users/lee/.m2/repository/com/fasterxml/classmate/1.5.1/classmate-1.5.1.jar:/Users/lee/.m2/repository/org/hibernate/common/hibernate-commons-annotations/5.1.2.Final/hibernate-commons-annotations-5.1.2.Final.jar:/Users/lee/.m2/repository/org/glassfish/jaxb/jaxb-runtime/2.3.7/jaxb-runtime-2.3.7.jar:/Users/lee/.m2/repository/org/glassfish/jaxb/txw2/2.3.7/txw2-2.3.7.jar:/Users/lee/.m2/repository/com/sun/istack/istack-commons-runtime/3.0.12/istack-commons-runtime-3.0.12.jar:/Users/lee/.m2/repository/com/sun/activation/jakarta.activation/1.2.2/jakarta.activation-1.2.2.jar:/Users/lee/.m2/repository/org/springframework/data/spring-data-jpa/2.6.9/spring-data-jpa-2.6.9.jar:/Users/lee/.m2/repository/org/springframework/data/spring-data-commons/2.6.9/spring-data-commons-2.6.9.jar:/Users/lee/.m2/repository/org/springframework/spring-orm/5.3.23/spring-orm-5.3.23.jar:/Users/lee/.m2/repository/org/springframework/spring-context/5.3.23/spring-context-5.3.23.jar:/Users/lee/.m2/repository/org/springframework/spring-tx/5.3.23/spring-tx-5.3.23.jar:/Users/lee/.m2/repository/org/springframework/spring-beans/5.3.23/spring-beans-5.3.23.jar:/Users/lee/.m2/repository/org/slf4j/slf4j-api/1.7.36/slf4j-api-1.7.36.jar:/Users/lee/.m2/repository/org/springframework/spring-aspects/5.3.23/spring-aspects-5.3.23.jar:/Users/lee/.m2/repository/org/springframework/boot/spring-boot-starter-web/2.6.13/spring-boot-starter-web-2.6.13.jar:/Users/lee/.m2/repository/org/springframework/boot/spring-boot-starter/2.6.13/spring-boot-starter-2.6.13.jar:/Users/lee/.m2/repository/org/springframework/boot/spring-boot/2.6.13/spring-boot-2.6.13.jar:/Users/lee/.m2/repository/org/springframework/boot/spring-boot-autoconfigure/2.6.13/spring-boot-autoconfigure-2.6.13.jar:/Users/lee/.m2/repository/org/springframework/boot/spring-boot-starter-logging/2.6.13/spring-boot-starter-logging-2.6.13.jar:/Users/lee/.m2/repository/ch/qos/logback/logback-classic/1.2.11/logback-classic-1.2.11.jar:/Users/lee/.m2/repository/ch/qos/logback/logback-core/1.2.11/logback-core-1.2.11.jar:/Users/lee/.m2/repository/org/apache/logging/log4j/log4j-to-slf4j/2.17.2/log4j-to-slf4j-2.17.2.jar:/Users/lee/.m2/repository/org/apache/logging/log4j/log4j-api/2.17.2/log4j-api-2.17.2.jar:/Users/lee/.m2/repository/org/slf4j/jul-to-slf4j/1.7.36/jul-to-slf4j-1.7.36.jar:/Users/lee/.m2/repository/jakarta/annotation/jakarta.annotation-api/1.3.5/jakarta.annotation-api-1.3.5.jar:/Users/lee/.m2/repository/org/yaml/snakeyaml/1.29/snakeyaml-1.29.jar:/Users/lee/.m2/repository/org/springframework/boot/spring-boot-starter-json/2.6.13/spring-boot-starter-json-2.6.13.jar:/Users/lee/.m2/repository/com/fasterxml/jackson/core/jackson-databind/2.13.4.2/jackson-databind-2.13.4.2.jar:/Users/lee/.m2/repository/com/fasterxml/jackson/core/jackson-annotations/2.13.4/jackson-annotations-2.13.4.jar:/Users/lee/.m2/repository/com/fasterxml/jackson/core/jackson-core/2.13.4/jackson-core-2.13.4.jar:/Users/lee/.m2/repository/com/fasterxml/jackson/datatype/jackson-datatype-jdk8/2.13.4/jackson-datatype-jdk8-2.13.4.jar:/Users/lee/.m2/repository/com/fasterxml/jackson/datatype/jackson-datatype-jsr310/2.13.4/jackson-datatype-jsr310-2.13.4.jar:/Users/lee/.m2/repository/com/fasterxml/jackson/module/jackson-module-parameter-names/2.13.4/jackson-module-parameter-names-2.13.4.jar:/Users/lee/.m2/repository/org/springframework/boot/spring-boot-starter-tomcat/2.6.13/spring-boot-starter-tomcat-2.6.13.jar:/Users/lee/.m2/repository/org/apache/tomcat/embed/tomcat-embed-core/9.0.68/tomcat-embed-core-9.0.68.jar:/Users/lee/.m2/repository/org/apache/tomcat/embed/tomcat-embed-el/9.0.68/tomcat-embed-el-9.0.68.jar:/Users/lee/.m2/repository/org/apache/tomcat/embed/tomcat-embed-websocket/9.0.68/tomcat-embed-websocket-9.0.68.jar:/Users/lee/.m2/repository/org/springframework/spring-web/5.3.23/spring-web-5.3.23.jar:/Users/lee/.m2/repository/org/springframework/spring-webmvc/5.3.23/spring-webmvc-5.3.23.jar:/Users/lee/.m2/repository/org/springframework/spring-expression/5.3.23/spring-expression-5.3.23.jar:/Users/lee/.m2/repository/com/mysql/mysql-connector-j/8.0.31/mysql-connector-j-8.0.31.jar:/Users/lee/.m2/repository/org/springframework/boot/spring-boot-starter-test/2.6.13/spring-boot-starter-test-2.6.13.jar:/Users/lee/.m2/repository/org/springframework/boot/spring-boot-test/2.6.13/spring-boot-test-2.6.13.jar:/Users/lee/.m2/repository/org/springframework/boot/spring-boot-test-autoconfigure/2.6.13/spring-boot-test-autoconfigure-2.6.13.jar:/Users/lee/.m2/repository/com/jayway/jsonpath/json-path/2.6.0/json-path-2.6.0.jar:/Users/lee/.m2/repository/net/minidev/json-smart/2.4.8/json-smart-2.4.8.jar:/Users/lee/.m2/repository/net/minidev/accessors-smart/2.4.8/accessors-smart-2.4.8.jar:/Users/lee/.m2/repository/org/ow2/asm/asm/9.1/asm-9.1.jar:/Users/lee/.m2/repository/jakarta/xml/bind/jakarta.xml.bind-api/2.3.3/jakarta.xml.bind-api-2.3.3.jar:/Users/lee/.m2/repository/jakarta/activation/jakarta.activation-api/1.2.2/jakarta.activation-api-1.2.2.jar:/Users/lee/.m2/repository/org/assertj/assertj-core/3.21.0/assertj-core-3.21.0.jar:/Users/lee/.m2/repository/org/hamcrest/hamcrest/2.2/hamcrest-2.2.jar:/Users/lee/.m2/repository/org/junit/jupiter/junit-jupiter/5.8.2/junit-jupiter-5.8.2.jar:/Users/lee/.m2/repository/org/junit/jupiter/junit-jupiter-api/5.8.2/junit-jupiter-api-5.8.2.jar:/Users/lee/.m2/repository/org/opentest4j/opentest4j/1.2.0/opentest4j-1.2.0.jar:/Users/lee/.m2/repository/org/junit/platform/junit-platform-commons/1.8.2/junit-platform-commons-1.8.2.jar:/Users/lee/.m2/repository/org/apiguardian/apiguardian-api/1.1.2/apiguardian-api-1.1.2.jar:/Users/lee/.m2/repository/org/junit/jupiter/junit-jupiter-params/5.8.2/junit-jupiter-params-5.8.2.jar:/Users/lee/.m2/repository/org/junit/jupiter/junit-jupiter-engine/5.8.2/junit-jupiter-engine-5.8.2.jar:/Users/lee/.m2/repository/org/junit/platform/junit-platform-engine/1.8.2/junit-platform-engine-1.8.2.jar:/Users/lee/.m2/repository/org/mockito/mockito-core/4.0.0/mockito-core-4.0.0.jar:/Users/lee/.m2/repository/net/bytebuddy/byte-buddy-agent/1.11.22/byte-buddy-agent-1.11.22.jar:/Users/lee/.m2/repository/org/objenesis/objenesis/3.2/objenesis-3.2.jar:/Users/lee/.m2/repository/org/mockito/mockito-junit-jupiter/4.0.0/mockito-junit-jupiter-4.0.0.jar:/Users/lee/.m2/repository/org/skyscreamer/jsonassert/1.5.1/jsonassert-1.5.1.jar:/Users/lee/.m2/repository/com/vaadin/external/google/android-json/0.0.20131108.vaadin1/android-json-0.0.20131108.vaadin1.jar:/Users/lee/.m2/repository/org/springframework/spring-core/5.3.23/spring-core-5.3.23.jar:/Users/lee/.m2/repository/org/springframework/spring-jcl/5.3.23/spring-jcl-5.3.23.jar:/Users/lee/.m2/repository/org/springframework/spring-test/5.3.23/spring-test-5.3.23.jar:/Users/lee/.m2/repository/org/xmlunit/xmlunit-core/2.8.4/xmlunit-core-2.8.4.jar:"/>
    <property name="sun.cpu.endian" value="little"/>
    <property name="user.home" value="/Users/lee"/>
    <property name="user.language" value="zh"/>
    <property name="java.specification.vendor" value="Oracle Corporation"/>
    <property name="java.home" value="/Library/Java/JavaVirtualMachines/zulu-8.jdk/Contents/Home/jre"/>
    <property name="https.proxyHost" value="127.0.0.1"/>
    <property name="file.separator" value="/"/>
    <property name="basedir" value="/Users/lee/Code/G2GDaSh/DaSh-SDK"/>
    <property name="line.separator" value="&#10;"/>
    <property name="java.vm.specification.vendor" value="Oracle Corporation"/>
    <property name="java.specification.name" value="Java Platform API Specification"/>
    <property name="jdk.vendor.version" value="Zulu 8.68.0.21-CA-macos-aarch64"/>
    <property name="FILE_LOG_CHARSET" value="UTF-8"/>
    <property name="java.awt.graphicsenv" value="sun.awt.CGraphicsEnvironment"/>
    <property name="java.awt.headless" value="true"/>
    <property name="surefire.real.class.path" value="/Users/lee/Code/G2GDaSh/DaSh-SDK/target/surefire/surefirebooter-20231211211811195_3.jar"/>
    <property name="sun.boot.class.path" value="/Library/Java/JavaVirtualMachines/zulu-8.jdk/Contents/Home/jre/lib/resources.jar:/Library/Java/JavaVirtualMachines/zulu-8.jdk/Contents/Home/jre/lib/rt.jar:/Library/Java/JavaVirtualMachines/zulu-8.jdk/Contents/Home/jre/lib/sunrsasign.jar:/Library/Java/JavaVirtualMachines/zulu-8.jdk/Contents/Home/jre/lib/jsse.jar:/Library/Java/JavaVirtualMachines/zulu-8.jdk/Contents/Home/jre/lib/jce.jar:/Library/Java/JavaVirtualMachines/zulu-8.jdk/Contents/Home/jre/lib/charsets.jar:/Library/Java/JavaVirtualMachines/zulu-8.jdk/Contents/Home/jre/lib/jfr.jar:/Library/Java/JavaVirtualMachines/zulu-8.jdk/Contents/Home/jre/lib/cat.jar:/Library/Java/JavaVirtualMachines/zulu-8.jdk/Contents/Home/jre/classes"/>
    <property name="sun.management.compiler" value="HotSpot 64-Bit Tiered Compilers"/>
    <property name="ftp.nonProxyHosts" value="192.168.0.0/16|*.192.168.0.0/16|10.0.0.0/8|*.10.0.0.0/8|172.16.0.0/12|*.172.16.0.0/12|127.0.0.1|localhost|*.localhost|local|*.local|timestamp.apple.com|*.timestamp.apple.com|sequoia.apple.com|*.sequoia.apple.com|seed-sequoia.siri.apple.com|*.seed-sequoia.siri.apple.com"/>
    <property name="java.runtime.version" value="1.8.0_362-b09"/>
    <property name="user.name" value="lee"/>
    <property name="path.separator" value=":"/>
    <property name="os.version" value="14.0"/>
    <property name="java.endorsed.dirs" value="/Library/Java/JavaVirtualMachines/zulu-8.jdk/Contents/Home/jre/lib/endorsed"/>
    <property name="java.runtime.name" value="OpenJDK Runtime Environment"/>
    <property name="file.encoding" value="UTF-8"/>
    <property name="spring.beaninfo.ignore" value="true"/>
    <property name="java.vm.name" value="OpenJDK 64-Bit Server VM"/>
    <property name="localRepository" value="/Users/lee/.m2/repository"/>
    <property name="java.vendor.url.bug" value="http://www.azul.com/support/"/>
    <property name="java.io.tmpdir" value="/var/folders/qm/ccfbxmrx2b385rk0g2_8gq1h0000gn/T/"/>
    <property name="idea.version" value="2023.2.5"/>
    <property name="java.version" value="1.8.0_362"/>
    <property name="user.dir" value="/Users/lee/Code/G2GDaSh/DaSh-SDK"/>
    <property name="os.arch" value="aarch64"/>
    <property name="socksProxyPort" value="7890"/>
    <property name="PID" value="16316"/>
    <property name="java.vm.specification.name" value="Java Virtual Machine Specification"/>
    <property name="java.awt.printerjob" value="sun.lwawt.macosx.CPrinterJob"/>
    <property name="sun.os.patch.level" value="unknown"/>
    <property name="CONSOLE_LOG_CHARSET" value="UTF-8"/>
    <property name="java.library.path" value="/Users/lee/Library/Java/Extensions:/Library/Java/Extensions:/Network/Library/Java/Extensions:/System/Library/Java/Extensions:/usr/lib/java:."/>
    <property name="java.vendor" value="Azul Systems, Inc."/>
    <property name="java.vm.info" value="mixed mode"/>
    <property name="java.vm.version" value="25.362-b09"/>
    <property name="java.specification.maintenance.version" value="4"/>
    <property name="sun.io.unicode.encoding" value="UnicodeBig"/>
    <property name="java.ext.dirs" value="/Users/lee/Library/Java/Extensions:/Library/Java/JavaVirtualMachines/zulu-8.jdk/Contents/Home/jre/lib/ext:/Library/Java/Extensions:/Network/Library/Java/Extensions:/System/Library/Java/Extensions:/usr/lib/java"/>
    <property name="java.class.version" value="52.0"/>
    <property name="socksNonProxyHosts" value="192.168.0.0/16|*.192.168.0.0/16|10.0.0.0/8|*.10.0.0.0/8|172.16.0.0/12|*.172.16.0.0/12|127.0.0.1|localhost|*.localhost|local|*.local|timestamp.apple.com|*.timestamp.apple.com|sequoia.apple.com|*.sequoia.apple.com|seed-sequoia.siri.apple.com|*.seed-sequoia.siri.apple.com"/>
    <property name="http.proxyPort" value="7890"/>
  </properties>
  <testcase name="contextLoads" classname="io.github.water1207.dashsdk.DaShSdkApplicationTests" time="0.116">
    <system-out><![CDATA[21:18:11.605 [main] DEBUG org.springframework.test.context.BootstrapUtils - Instantiating CacheAwareContextLoaderDelegate from class [org.springframework.test.context.cache.DefaultCacheAwareContextLoaderDelegate]
21:18:11.611 [main] DEBUG org.springframework.test.context.BootstrapUtils - Instantiating BootstrapContext using constructor [public org.springframework.test.context.support.DefaultBootstrapContext(java.lang.Class,org.springframework.test.context.CacheAwareContextLoaderDelegate)]
21:18:11.630 [main] DEBUG org.springframework.test.context.BootstrapUtils - Instantiating TestContextBootstrapper for test class [io.github.water1207.dashsdk.DaShSdkApplicationTests] from class [org.springframework.boot.test.context.SpringBootTestContextBootstrapper]
21:18:11.637 [main] INFO org.springframework.boot.test.context.SpringBootTestContextBootstrapper - Neither @ContextConfiguration nor @ContextHierarchy found for test class [io.github.water1207.dashsdk.DaShSdkApplicationTests], using SpringBootContextLoader
21:18:11.639 [main] DEBUG org.springframework.test.context.support.AbstractContextLoader - Did not detect default resource location for test class [io.github.water1207.dashsdk.DaShSdkApplicationTests]: class path resource [io/github/water1207/dashsdk/DaShSdkApplicationTests-context.xml] does not exist
21:18:11.639 [main] DEBUG org.springframework.test.context.support.AbstractContextLoader - Did not detect default resource location for test class [io.github.water1207.dashsdk.DaShSdkApplicationTests]: class path resource [io/github/water1207/dashsdk/DaShSdkApplicationTestsContext.groovy] does not exist
21:18:11.639 [main] INFO org.springframework.test.context.support.AbstractContextLoader - Could not detect default resource locations for test class [io.github.water1207.dashsdk.DaShSdkApplicationTests]: no resource found for suffixes {-context.xml, Context.groovy}.
21:18:11.639 [main] INFO org.springframework.test.context.support.AnnotationConfigContextLoaderUtils - Could not detect default configuration classes for test class [io.github.water1207.dashsdk.DaShSdkApplicationTests]: DaShSdkApplicationTests does not declare any static, non-private, non-final, nested classes annotated with @Configuration.
21:18:11.661 [main] DEBUG org.springframework.test.context.support.ActiveProfilesUtils - Could not find an 'annotation declaring class' for annotation type [org.springframework.test.context.ActiveProfiles] and class [io.github.water1207.dashsdk.DaShSdkApplicationTests]
21:18:11.698 [main] DEBUG org.springframework.context.annotation.ClassPathScanningCandidateComponentProvider - Identified candidate component class: file [/Users/lee/Code/G2GDaSh/DaSh-SDK/target/classes/io/github/water1207/dashsdk/DaShSdkApplication.class]
21:18:11.699 [main] INFO org.springframework.boot.test.context.SpringBootTestContextBootstrapper - Found @SpringBootConfiguration io.github.water1207.dashsdk.DaShSdkApplication for test class io.github.water1207.dashsdk.DaShSdkApplicationTests
21:18:11.755 [main] DEBUG org.springframework.boot.test.context.SpringBootTestContextBootstrapper - @TestExecutionListeners is not present for class [io.github.water1207.dashsdk.DaShSdkApplicationTests]: using defaults.
21:18:11.755 [main] INFO org.springframework.boot.test.context.SpringBootTestContextBootstrapper - Loaded default TestExecutionListener class names from location [META-INF/spring.factories]: [org.springframework.boot.test.mock.mockito.MockitoTestExecutionListener, org.springframework.boot.test.mock.mockito.ResetMocksTestExecutionListener, org.springframework.boot.test.autoconfigure.restdocs.RestDocsTestExecutionListener, org.springframework.boot.test.autoconfigure.web.client.MockRestServiceServerResetTestExecutionListener, org.springframework.boot.test.autoconfigure.web.servlet.MockMvcPrintOnlyOnFailureTestExecutionListener, org.springframework.boot.test.autoconfigure.web.servlet.WebDriverTestExecutionListener, org.springframework.boot.test.autoconfigure.webservices.client.MockWebServiceServerTestExecutionListener, org.springframework.test.context.web.ServletTestExecutionListener, org.springframework.test.context.support.DirtiesContextBeforeModesTestExecutionListener, org.springframework.test.context.event.ApplicationEventsTestExecutionListener, org.springframework.test.context.support.DependencyInjectionTestExecutionListener, org.springframework.test.context.support.DirtiesContextTestExecutionListener, org.springframework.test.context.transaction.TransactionalTestExecutionListener, org.springframework.test.context.jdbc.SqlScriptsTestExecutionListener, org.springframework.test.context.event.EventPublishingTestExecutionListener]
21:18:11.765 [main] INFO org.springframework.boot.test.context.SpringBootTestContextBootstrapper - Using TestExecutionListeners: [org.springframework.test.context.web.ServletTestExecutionListener@3aa078fd, org.springframework.test.context.support.DirtiesContextBeforeModesTestExecutionListener@d23e042, org.springframework.test.context.event.ApplicationEventsTestExecutionListener@46d59067, org.springframework.boot.test.mock.mockito.MockitoTestExecutionListener@2d0399f4, org.springframework.boot.test.autoconfigure.SpringBootDependencyInjectionTestExecutionListener@14dd7b39, org.springframework.test.context.support.DirtiesContextTestExecutionListener@66ea810, org.springframework.test.context.transaction.TransactionalTestExecutionListener@6cd24612, org.springframework.test.context.jdbc.SqlScriptsTestExecutionListener@5dafbe45, org.springframework.test.context.event.EventPublishingTestExecutionListener@2254127a, org.springframework.boot.test.mock.mockito.ResetMocksTestExecutionListener@51891008, org.springframework.boot.test.autoconfigure.restdocs.RestDocsTestExecutionListener@2f953efd, org.springframework.boot.test.autoconfigure.web.client.MockRestServiceServerResetTestExecutionListener@f68f0dc, org.springframework.boot.test.autoconfigure.web.servlet.MockMvcPrintOnlyOnFailureTestExecutionListener@d2de489, org.springframework.boot.test.autoconfigure.web.servlet.WebDriverTestExecutionListener@14bdbc74, org.springframework.boot.test.autoconfigure.webservices.client.MockWebServiceServerTestExecutionListener@12591ac8]
21:18:11.766 [main] DEBUG org.springframework.test.context.support.AbstractDirtiesContextTestExecutionListener - Before test class: context [DefaultTestContext@1f9f6368 testClass = DaShSdkApplicationTests, testInstance = [null], testMethod = [null], testException = [null], mergedContextConfiguration = [WebMergedContextConfiguration@1c9b0314 testClass = DaShSdkApplicationTests, locations = '{}', classes = '{class io.github.water1207.dashsdk.DaShSdkApplication}', contextInitializerClasses = '[]', activeProfiles = '{}', propertySourceLocations = '{}', propertySourceProperties = '{org.springframework.boot.test.context.SpringBootTestContextBootstrapper=true}', contextCustomizers = set[org.springframework.boot.test.context.filter.ExcludeFilterContextCustomizer@40a4337a, org.springframework.boot.test.json.DuplicateJsonObjectContextCustomizerFactory$DuplicateJsonObjectContextCustomizer@2d1ef81a, org.springframework.boot.test.mock.mockito.MockitoContextCustomizer@0, org.springframework.boot.test.web.client.TestRestTemplateContextCustomizer@477b4cdf, org.springframework.boot.test.autoconfigure.actuate.metrics.MetricsExportContextCustomizerFactory$DisableMetricExportContextCustomizer@185a6e9, org.springframework.boot.test.autoconfigure.properties.PropertyMappingContextCustomizer@0, org.springframework.boot.test.autoconfigure.web.servlet.WebDriverContextCustomizerFactory$Customizer@49438269, org.springframework.boot.test.context.SpringBootTestArgs@1, org.springframework.boot.test.context.SpringBootTestWebEnvironment@185d8b6], resourceBasePath = 'src/main/webapp', contextLoader = 'org.springframework.boot.test.context.SpringBootContextLoader', parent = [null]], attributes = map['org.springframework.test.context.web.ServletTestExecutionListener.activateListener' -> true]], class annotated with @DirtiesContext [false] with mode [null].

  .   ____          _            __ _ _
 /\\ / ___'_ __ _ _(_)_ __  __ _ \ \ \ \
( ( )\___ | '_ | '_| | '_ \/ _` | \ \ \ \
 \\/  ___)| |_)| | | | | || (_| |  ) ) ) )
  '  |____| .__|_| |_|_| |_\__, | / / / /
 =========|_|==============|___/=/_/_/_/
 :: Spring Boot ::               (v2.6.13)

2023-12-11 21:18:11.927  INFO 16316 --- [           main] i.g.w.dashsdk.DaShSdkApplicationTests    : Starting DaShSdkApplicationTests using Java 1.8.0_362 on Chillin with PID 16316 (started by lee in /Users/lee/Code/G2GDaSh/DaSh-SDK)
2023-12-11 21:18:11.928  INFO 16316 --- [           main] i.g.w.dashsdk.DaShSdkApplicationTests    : No active profile set, falling back to 1 default profile: "default"
2023-12-11 21:18:12.666  INFO 16316 --- [           main] o.s.b.a.w.s.WelcomePageHandlerMapping    : Adding welcome page: class path resource [static/index.html]
2023-12-11 21:18:12.817  INFO 16316 --- [           main] i.g.w.dashsdk.DaShSdkApplicationTests    : Started DaShSdkApplicationTests in 1.032 seconds (JVM running for 1.568)
]]></system-out>
  </testcase>
</testsuite>